2026-03-06 00:15:24,858 | INFO | Session started
2026-03-06 00:16:13,700 | INFO | Session ended
2026-03-06 00:23:33,885 | INFO | Session started
2026-03-06 00:23:52,344 | INFO | Session ended
2026-03-06 00:30:01,831 | INFO | Session started
2026-03-06 00:31:56,482 | INFO | Session ended
2026-03-06 00:36:46,076 | INFO | Session started
2026-03-06 00:37:07,477 | INFO | Session ended
2026-03-06 00:40:33,895 | INFO | Session started
2026-03-06 00:40:51,359 | INFO | Session ended
2026-03-06 00:48:10,807 | INFO | Session started
2026-03-06 00:48:30,812 | INFO | Session ended
2026-03-06 00:54:08,917 | INFO | Session started
2026-03-06 00:54:28,158 | INFO | Session ended
2026-03-06 00:59:28,346 | INFO | Session started
2026-03-06 00:59:52,915 | INFO | Session ended
2026-03-06 01:10:57,664 | INFO | Session started
2026-03-06 01:11:27,035 | INFO | Session ended
2026-03-06 01:17:55,155 | INFO | Session started
2026-03-06 01:19:04,640 | INFO | Session ended
2026-03-06 01:21:32,954 | INFO | Session started
2026-03-06 01:24:16,645 | INFO | Session started
2026-03-06 01:24:57,368 | INFO | Session started
2026-03-06 01:25:59,781 | INFO | Session started
2026-03-06 01:29:35,142 | INFO | Session started
2026-03-06 01:41:45,289 | INFO | Session started
2026-03-06 14:27:10,642 | INFO | Session started
2026-03-06 14:27:47,976 | INFO | Session started
2026-03-06 14:36:07,813 | INFO | Session started
2026-03-06 14:37:39,304 | INFO | Session started
2026-03-06 16:24:20,943 | INFO | Session started
2026-03-06 16:48:06,290 | INFO | Session started
2026-03-06 16:55:08,867 | INFO | Session started
2026-03-06 17:19:02,782 | INFO | Session started
2026-03-06 19:02:01,512 | INFO | Session started
2026-03-06 19:18:40,059 | INFO | Session started
2026-03-06 19:21:10,887 | INFO | Session started
2026-03-06 19:24:35,046 | INFO | Session started
2026-03-06 19:32:56,626 | INFO | Session started
2026-03-06 19:33:16,075 | INFO | Session started
2026-03-06 20:18:53,222 | INFO | Session started
2026-03-06 20:26:00,630 | INFO | Session started
2026-03-06 20:26:56,871 | INFO | Session started
2026-03-06 20:37:58,401 | INFO | Session started
2026-03-06 20:46:26,156 | INFO | Session started
2026-03-06 20:52:09,072 | INFO | Session started
2026-03-06 20:53:08,109 | INFO | Session started
2026-03-06 20:58:05,063 | INFO | Session started
2026-03-06 21:13:28,543 | INFO | Session started
2026-03-06 21:21:23,611 | INFO | Attention Mapping Session Started
2026-03-06 21:22:39,044 | INFO | Attention Mapping Session Started
2026-03-06 21:37:03,989 | INFO | Attention Mapping Session Started
2026-03-06 21:49:51,600 | INFO | Attention Mapping Session Started
2026-03-06 21:51:16,592 | INFO | Attention Mapping Session Started
2026-03-06 21:59:02,792 | INFO | Attention Mapping Session Started
2026-03-06 22:02:05,248 | INFO | Attention Mapping Session Started
2026-03-06 22:08:53,511 | INFO | Session Started
2026-03-06 22:09:54,364 | INFO | Attention Mapping Session Started
2026-03-06 22:10:43,412 | INFO | Attention Mapping Session Started
2026-03-06 22:24:42,093 | INFO | Attention Mapping Session Started
2026-03-06 22:39:34,838 | INFO | Attention Mapping Session Started
2026-03-06 22:53:07,554 | INFO | Attention Mapping Session Started
2026-03-06 22:54:05,255 | INFO | Attention Mapping Session Started
2026-03-06 22:55:11,043 | INFO | Attention Mapping Session Started
2026-03-06 22:58:31,954 | INFO | Attention Mapping Session Started
2026-03-06 23:01:51,940 | INFO | Attention Mapping Session Started
2026-03-06 23:03:37,255 | INFO | Attention Mapping Session Started
2026-03-06 23:04:30,296 | INFO | Attention Mapping Session Started
2026-03-06 23:09:39,326 | INFO | Attention Mapping Session Started
2026-03-06 23:12:11,449 | INFO | Attention Mapping Session Started
2026-03-06 23:14:14,387 | INFO | Attention Mapping Session Started
2026-03-06 23:18:40,023 | INFO | Attention Mapping Session Started
2026-03-06 23:21:40,797 | INFO | Attention Mapping Session Started
2026-03-06 23:22:33,956 | INFO | Attention Mapping Session Started
2026-03-06 23:23:05,196 | INFO | Attention Mapping Session Started
2026-03-06 23:24:25,980 | INFO | Attention Mapping Session Started
2026-03-06 23:29:38,165 | INFO | Attention Mapping Session Started
2026-03-06 23:32:05,850 | INFO | Attention Mapping Session Started
2026-03-06 23:33:23,481 | INFO | Attention Mapping Session Started
2026-03-06 23:34:08,565 | INFO | Attention Mapping Session Started
2026-03-06 23:34:43,797 | INFO | Attention Mapping Session Started
2026-03-06 23:40:57,960 | INFO | Attention Mapping Session Started
2026-03-06 23:42:09,727 | INFO | Attention Mapping Session Started
2026-03-06 23:51:38,661 | INFO | Attention Mapping Session Started
2026-03-06 23:53:43,070 | INFO | Attention Mapping Session Started
2026-03-06 23:55:19,809 | INFO | Attention Mapping Session Started
2026-03-06 23:56:26,978 | INFO | Attention Mapping Session Started
2026-03-08 13:29:09,266 | INFO | Attention Mapping Session Started
2026-03-08 16:04:39,410 | INFO | Attention Mapping Session Started
2026-03-08 16:07:46,966 | INFO | Attention Mapping Session Started
2026-03-08 16:10:10,157 | INFO | Attention Mapping Session Started
2026-03-08 16:15:14,422 | INFO | Attention Mapping Session Started
2026-03-08 16:20:16,523 | INFO | Attention Mapping Session Started
2026-03-08 16:21:47,572 | INFO | Attention Mapping Session Started
2026-03-08 16:29:41,592 | INFO | Attention Mapping Session Started
2026-03-08 16:33:15,089 | INFO | Attention Mapping Session Started
2026-03-08 16:37:41,826 | INFO | Attention Mapping Session Started
2026-03-08 16:39:01,869 | INFO | Attention Mapping Session Started
2026-03-08 16:44:13,016 | INFO | Attention Mapping Session Started
2026-03-08 16:52:02,719 | INFO | Attention Mapping Session Started
2026-03-08 16:56:33,625 | INFO | Attention Mapping Session Started
2026-03-08 17:10:46,434 | INFO | Attention Mapping Session Started
2026-03-08 17:17:00,258 | INFO | Attention Mapping Session Started
2026-03-08 17:24:47,939 | INFO | Attention Mapping Session Started
2026-03-08 17:26:05,895 | INFO | Attention Mapping Session Started
2026-03-08 17:28:48,998 | INFO | Attention Mapping Session Started
2026-03-08 17:33:33,928 | INFO | Attention Mapping Session Started
2026-03-08 17:37:07,636 | INFO | Attention Mapping Session Started
2026-03-08 17:44:07,834 | INFO | Attention Mapping Session Started
2026-03-08 17:51:13,532 | INFO | Attention Mapping Session Started
2026-03-08 18:12:23,331 | INFO | Attention Mapping Session Started
2026-03-08 18:13:05,945 | INFO | Attention Mapping Session Started
2026-03-08 18:14:20,054 | INFO | Attention Mapping Session Started
2026-03-08 18:16:24,490 | INFO | Attention Mapping Session Started
2026-03-08 18:17:28,068 | INFO | Attention Mapping Session Started
2026-03-08 18:25:36,742 | INFO | Attention Mapping Session Started
2026-03-08 18:29:11,186 | INFO | Attention Mapping Session Started
2026-03-08 18:32:22,813 | INFO | Attention Mapping Session Started
2026-03-08 19:28:50,612 | INFO | Attention Mapping Session Started
2026-03-08 23:56:09,180 | INFO | Attention Mapping Session Started
2026-03-09 16:33:22,188 | INFO | Attention Mapping Session Started
2026-03-09 17:02:25,840 | INFO | Attention Mapping Session Started
2026-03-09 17:06:40,929 | INFO | Attention Mapping Session Started
2026-03-09 17:11:47,774 | INFO | Attention Mapping Session Started
2026-03-09 17:17:04,343 | INFO | Attention Mapping Session Started
2026-03-09 17:20:20,240 | INFO | Attention Mapping Session Started
2026-03-09 17:22:34,089 | INFO | Attention Mapping Session Started
2026-03-09 17:25:34,067 | INFO | Attention Mapping Session Started
2026-03-09 17:33:20,658 | INFO | Attention Mapping Session Started
2026-03-09 17:37:55,106 | INFO | Attention Mapping Session Started
2026-03-09 17:39:07,689 | INFO | Attention Mapping Session Started
2026-03-09 17:41:39,490 | INFO | Attention Mapping Session Started
2026-03-09 17:42:04,422 | INFO | Attention Mapping Session Started
2026-03-09 17:45:43,658 | INFO | Attention Mapping Session Started
2026-03-09 17:48:56,502 | INFO | Attention Mapping Session Started
2026-03-09 17:50:37,015 | INFO | Attention Mapping Session Started
2026-03-09 17:56:31,266 | INFO | Attention Mapping Session Started
2026-03-09 17:59:54,094 | INFO | Attention Mapping Session Started
2026-03-09 18:01:57,231 | INFO | Attention Mapping Session Started
2026-03-09 18:17:21,496 | INFO | Attention Mapping Session Started
2026-03-09 18:17:35,085 | INFO | Attention Mapping Session Started
2026-03-09 18:19:34,961 | INFO | Attention Mapping Session Started
2026-03-09 18:21:44,580 | INFO | Attention Mapping Session Started
2026-03-09 19:11:33,125 | INFO | Attention Mapping Session Started
2026-03-09 19:18:03,811 | INFO | Attention Mapping Session Started
2026-03-09 20:03:48,261 | INFO | Attention Mapping Session Started
2026-03-09 20:25:09,625 | INFO | Attention Mapping Session Started
2026-03-09 20:30:00,489 | INFO | Attention Mapping Session Started
2026-03-09 20:36:50,400 | INFO | Attention Mapping Session Started
2026-03-09 20:39:40,568 | INFO | Attention Mapping Session Started
2026-03-09 20:45:54,634 | INFO | Attention Mapping Session Started
2026-03-09 20:51:52,974 | INFO | Attention Mapping Session Started
2026-03-09 20:52:37,852 | INFO | Attention Mapping Session Started
2026-03-09 21:04:17,378 | INFO | Attention Mapping Session Started
2026-03-09 21:08:48,833 | INFO | Attention Mapping Session Started
2026-03-09 21:20:09,153 | INFO | Attention Mapping Session Started
2026-03-09 21:21:15,262 | INFO | Attention Mapping Session Started
2026-03-09 21:24:27,912 | INFO | Attention Mapping Session Started
2026-03-09 21:30:52,809 | INFO | Attention Mapping Session Started
2026-03-09 21:32:56,640 | INFO | Attention Mapping Session Started
2026-03-09 21:36:45,115 | INFO | Attention Mapping Session Started
2026-03-09 21:38:22,377 | INFO | Attention Mapping Session Started
2026-03-09 21:42:40,605 | INFO | Attention Mapping Session Started
2026-03-09 21:42:43,329 | INFO | Session stored locally in Tiptur node.
2026-03-09 21:46:19,951 | INFO | Attention Mapping Session Started
2026-03-09 21:46:36,828 | INFO | Session stored locally in Tiptur node.
2026-03-09 21:52:23,205 | INFO | Attention Mapping Session Started
2026-03-09 21:52:39,042 | INFO | Session stored locally in Tiptur node.
2026-03-09 21:55:20,251 | INFO | Attention Mapping Session Started
2026-03-09 21:57:06,452 | INFO | Attention Mapping Session Started
2026-03-09 21:58:32,022 | INFO | Attention Mapping Session Started
2026-03-09 22:00:43,297 | INFO | Attention Mapping Session Started
2026-03-09 22:04:29,822 | INFO | Attention Mapping Session Started
2026-03-09 22:11:18,150 | INFO | Attention Mapping Session Started
2026-03-09 22:13:25,966 | INFO | Attention Mapping Session Started
2026-03-09 22:17:52,631 | INFO | Attention Mapping Session Started
2026-03-09 22:19:28,881 | INFO | Attention Mapping Session Started
2026-03-09 22:36:09,174 | INFO | Attention Mapping Session Started
2026-03-09 22:36:57,572 | INFO | Attention Mapping Session Started
2026-03-09 22:40:10,676 | INFO | Attention Mapping Session Started
2026-03-09 22:42:48,236 | INFO | Attention Mapping Session Started
2026-03-09 22:48:11,718 | INFO | Attention Mapping Session Started
2026-03-09 22:49:01,636 | INFO | Attention Mapping Session Started
2026-03-09 23:08:16,960 | INFO | Attention Mapping Session Started
2026-03-09 23:11:19,452 | INFO | Attention Mapping Session Started
2026-03-09 23:14:53,146 | INFO | Attention Mapping Session Started
2026-03-09 23:22:14,055 | INFO | Attention Mapping Session Started
2026-03-09 23:26:01,533 | INFO | Attention Mapping Session Started
2026-03-10 00:09:13,997 | INFO | Attention Mapping Session Started
2026-03-10 15:41:43,734 | INFO | Attention Mapping Session Started
2026-03-10 15:42:53,159 | INFO | Attention Mapping Session Started
2026-03-10 15:44:31,493 | INFO | Attention Mapping Session Started
2026-03-10 15:52:55,733 | INFO | Attention Mapping Session Started
2026-03-10 16:26:16,049 | INFO | Attention Mapping Session Started
2026-03-10 16:29:54,342 | INFO | Attention Mapping Session Started
2026-03-10 16:30:56,503 | INFO | Attention Mapping Session Started
2026-03-10 16:31:35,648 | INFO | Attention Mapping Session Started
2026-03-10 16:32:46,741 | INFO | Attention Mapping Session Started
2026-03-10 16:34:34,315 | INFO | Attention Mapping Session Started
2026-03-10 16:46:36,823 | INFO | Attention Mapping Session Started
2026-03-10 16:46:57,775 | INFO | Attention Mapping Session Started
2026-03-10 16:49:18,467 | INFO | Attention Mapping Session Started
2026-03-10 16:50:02,592 | INFO | Attention Mapping Session Started
2026-03-10 16:52:06,851 | INFO | Attention Mapping Session Started
2026-03-10 16:58:25,949 | INFO | Attention Mapping Session Started
2026-03-10 17:14:08,221 | INFO | Attention Mapping Session Started
2026-03-10 17:17:46,486 | INFO | Attention Mapping Session Started
2026-03-10 17:20:28,256 | INFO | Attention Mapping Session Started
2026-03-10 17:22:03,388 | INFO | Attention Mapping Session Started
2026-03-10 17:23:38,846 | INFO | Attention Mapping Session Started
2026-03-10 19:20:05,393 | INFO | Attention Mapping Session Started
2026-03-10 19:23:35,043 | INFO | Attention Mapping Session Started
2026-03-10 19:36:33,072 | INFO | Attention Mapping Session Started
2026-03-10 19:42:08,295 | INFO | Attention Mapping Session Started
2026-03-10 19:46:59,867 | INFO | Attention Mapping Session Started
2026-03-10 19:48:45,986 | INFO | Attention Mapping Session Started
2026-03-10 19:52:54,866 | INFO | Attention Mapping Session Started
2026-03-10 19:59:17,744 | INFO | Attention Mapping Session Started
2026-03-10 20:10:12,088 | INFO | Attention Mapping Session Started
2026-03-10 20:13:57,847 | INFO | Attention Mapping Session Started
2026-03-10 20:16:34,888 | INFO | Attention Mapping Session Started
2026-03-10 21:47:12,233 | INFO | Attention Mapping Session Started
2026-03-10 21:55:21,171 | INFO | Attention Mapping Session Started
2026-03-10 22:04:02,128 | INFO | Attention Mapping Session Started
2026-03-10 22:09:40,353 | INFO | Attention Mapping Session Started
2026-03-10 22:21:00,732 | INFO | Attention Mapping Session Started
2026-03-10 22:28:36,234 | INFO | Attention Mapping Session Started
2026-03-10 22:32:39,737 | INFO | Attention Mapping Session Started
2026-03-10 22:36:49,327 | INFO | Attention Mapping Session Started
2026-03-10 22:40:50,556 | INFO | Attention Mapping Session Started
2026-03-10 22:45:16,250 | INFO | Attention Mapping Session Started
2026-03-10 22:48:52,198 | INFO | Attention Mapping Session Started
2026-03-10 22:49:42,000 | INFO | Attention Mapping Session Started
